Performing C SOURCE FILE Test CMAKE_HAVE_LIBC_PTHREAD failed with the following output:
Change Dir: /home/allanbs/2 Ano/AEDA/TP Classes/TP10/aeda1920_fp10/cmake-build-debug/CMakeFiles/CMakeTmp

Run Build Command(s):/usr/bin/make cmTC_3fc1e/fast && /usr/bin/make -f CMakeFiles/cmTC_3fc1e.dir/build.make CMakeFiles/cmTC_3fc1e.dir/build
make[1]: Entering directory '/home/allanbs/2 Ano/AEDA/TP Classes/TP10/aeda1920_fp10/cmake-build-debug/CMakeFiles/CMakeTmp'
Building C object CMakeFiles/cmTC_3fc1e.dir/src.c.o
/usr/bin/cc   -DCMAKE_HAVE_LIBC_PTHREAD   -o CMakeFiles/cmTC_3fc1e.dir/src.c.o   -c "/home/allanbs/2 Ano/AEDA/TP Classes/TP10/aeda1920_fp10/cmake-build-debug/CMakeFiles/CMakeTmp/src.c"
Linking C executable cmTC_3fc1e
/opt/clion-2019.2.3/bin/cmake/linux/bin/cmake -E cmake_link_script CMakeFiles/cmTC_3fc1e.dir/link.txt --verbose=1
/usr/bin/cc  -DCMAKE_HAVE_LIBC_PTHREAD    -rdynamic CMakeFiles/cmTC_3fc1e.dir/src.c.o  -o cmTC_3fc1e 
CMakeFiles/cmTC_3fc1e.dir/src.c.o: In function `main':
src.c:(.text+0x3e): undefined reference to `pthread_create'
src.c:(.text+0x4a): undefined reference to `pthread_detach'
src.c:(.text+0x5b): undefined reference to `pthread_join'
src.c:(.text+0x6f): undefined reference to `pthread_atfork'
collect2: error: ld returned 1 exit status
CMakeFiles/cmTC_3fc1e.dir/build.make:86: recipe for target 'cmTC_3fc1e' failed
make[1]: *** [cmTC_3fc1e] Error 1
make[1]: Leaving directory '/home/allanbs/2 Ano/AEDA/TP Classes/TP10/aeda1920_fp10/cmake-build-debug/CMakeFiles/CMakeTmp'
Makefile:121: recipe for target 'cmTC_3fc1e/fast' failed
make: *** [cmTC_3fc1e/fast] Error 2


Source file was:
#include <pthread.h>

void* test_func(void* data)
{
  return data;
}

int main(void)
{
  pthread_t thread;
  pthread_create(&thread, NULL, test_func, NULL);
  pthread_detach(thread);
  pthread_join(thread, NULL);
  pthread_atfork(NULL, NULL, NULL);
  pthread_exit(NULL);

  return 0;
}

Determining if the function pthread_create exists in the pthreads failed with the following output:
Change Dir: /home/allanbs/2 Ano/AEDA/TP Classes/TP10/aeda1920_fp10/cmake-build-debug/CMakeFiles/CMakeTmp

Run Build Command(s):/usr/bin/make cmTC_f74cd/fast && /usr/bin/make -f CMakeFiles/cmTC_f74cd.dir/build.make CMakeFiles/cmTC_f74cd.dir/build
make[1]: Entering directory '/home/allanbs/2 Ano/AEDA/TP Classes/TP10/aeda1920_fp10/cmake-build-debug/CMakeFiles/CMakeTmp'
Building C object CMakeFiles/cmTC_f74cd.dir/CheckFunctionExists.c.o
/usr/bin/cc   -DCHECK_FUNCTION_EXISTS=pthread_create   -o CMakeFiles/cmTC_f74cd.dir/CheckFunctionExists.c.o   -c /opt/clion-2019.2.3/bin/cmake/linux/share/cmake-3.15/Modules/CheckFunctionExists.c
Linking C executable cmTC_f74cd
/opt/clion-2019.2.3/bin/cmake/linux/bin/cmake -E cmake_link_script CMakeFiles/cmTC_f74cd.dir/link.txt --verbose=1
/usr/bin/cc  -DCHECK_FUNCTION_EXISTS=pthread_create    -rdynamic CMakeFiles/cmTC_f74cd.dir/CheckFunctionExists.c.o  -o cmTC_f74cd -lpthreads 
/usr/bin/ld: cannot find -lpthreads
collect2: error: ld returned 1 exit status
CMakeFiles/cmTC_f74cd.dir/build.make:86: recipe for target 'cmTC_f74cd' failed
make[1]: *** [cmTC_f74cd] Error 1
make[1]: Leaving directory '/home/allanbs/2 Ano/AEDA/TP Classes/TP10/aeda1920_fp10/cmake-build-debug/CMakeFiles/CMakeTmp'
Makefile:121: recipe for target 'cmTC_f74cd/fast' failed
make: *** [cmTC_f74cd/fast] Error 2



