Determining if the pthread_create exist failed with the following output:
Change Dir: /home/fallenscripter/2 Ano/AEDA/TP Classes/TP1/cmake-build-debug/CMakeFiles/CMakeTmp

Run Build Command:"/usr/bin/make" "cmTC_cfced/fast"
/usr/bin/make -f CMakeFiles/cmTC_cfced.dir/build.make CMakeFiles/cmTC_cfced.dir/build
make[1]: Entering directory '/home/fallenscripter/2 Ano/AEDA/TP Classes/TP1/cmake-build-debug/CMakeFiles/CMakeTmp'
Building C object CMakeFiles/cmTC_cfced.dir/CheckSymbolExists.c.o
/usr/bin/cc    -o CMakeFiles/cmTC_cfced.dir/CheckSymbolExists.c.o   -c "/home/fallenscripter/2 Ano/AEDA/TP Classes/TP1/cmake-build-debug/CMakeFiles/CMakeTmp/CheckSymbolExists.c"
Linking C executable cmTC_cfced
/home/fallenscripter/Downloads/clion-2018.3.4/bin/cmake/linux/bin/cmake -E cmake_link_script CMakeFiles/cmTC_cfced.dir/link.txt --verbose=1
/usr/bin/cc      -rdynamic CMakeFiles/cmTC_cfced.dir/CheckSymbolExists.c.o  -o cmTC_cfced 
CMakeFiles/cmTC_cfced.dir/CheckSymbolExists.c.o: In function `main':
CheckSymbolExists.c:(.text+0x1b): undefined reference to `pthread_create'
collect2: error: ld returned 1 exit status
CMakeFiles/cmTC_cfced.dir/build.make:86: recipe for target 'cmTC_cfced' failed
make[1]: *** [cmTC_cfced] Error 1
make[1]: Leaving directory '/home/fallenscripter/2 Ano/AEDA/TP Classes/TP1/cmake-build-debug/CMakeFiles/CMakeTmp'
Makefile:121: recipe for target 'cmTC_cfced/fast' failed
make: *** [cmTC_cfced/fast] Error 2

File /home/fallenscripter/2 Ano/AEDA/TP Classes/TP1/cmake-build-debug/CMakeFiles/CMakeTmp/CheckSymbolExists.c:
/* */
#include <pthread.h>

int main(int argc, char** argv)
{
  (void)argv;
#ifndef pthread_create
  return ((int*)(&pthread_create))[argc];
#else
  (void)argc;
  return 0;
#endif
}

Determining if the function pthread_create exists in the pthreads failed with the following output:
Change Dir: /home/fallenscripter/2 Ano/AEDA/TP Classes/TP1/cmake-build-debug/CMakeFiles/CMakeTmp

Run Build Command:"/usr/bin/make" "cmTC_5c1f5/fast"
/usr/bin/make -f CMakeFiles/cmTC_5c1f5.dir/build.make CMakeFiles/cmTC_5c1f5.dir/build
make[1]: Entering directory '/home/fallenscripter/2 Ano/AEDA/TP Classes/TP1/cmake-build-debug/CMakeFiles/CMakeTmp'
Building C object CMakeFiles/cmTC_5c1f5.dir/CheckFunctionExists.c.o
/usr/bin/cc   -DCHECK_FUNCTION_EXISTS=pthread_create   -o CMakeFiles/cmTC_5c1f5.dir/CheckFunctionExists.c.o   -c /home/fallenscripter/Downloads/clion-2018.3.4/bin/cmake/linux/share/cmake-3.13/Modules/CheckFunctionExists.c
Linking C executable cmTC_5c1f5
/home/fallenscripter/Downloads/clion-2018.3.4/bin/cmake/linux/bin/cmake -E cmake_link_script CMakeFiles/cmTC_5c1f5.dir/link.txt --verbose=1
/usr/bin/cc  -DCHECK_FUNCTION_EXISTS=pthread_create    -rdynamic CMakeFiles/cmTC_5c1f5.dir/CheckFunctionExists.c.o  -o cmTC_5c1f5 -lpthreads 
/usr/bin/ld: cannot find -lpthreads
collect2: error: ld returned 1 exit status
CMakeFiles/cmTC_5c1f5.dir/build.make:86: recipe for target 'cmTC_5c1f5' failed
make[1]: *** [cmTC_5c1f5] Error 1
make[1]: Leaving directory '/home/fallenscripter/2 Ano/AEDA/TP Classes/TP1/cmake-build-debug/CMakeFiles/CMakeTmp'
Makefile:121: recipe for target 'cmTC_5c1f5/fast' failed
make: *** [cmTC_5c1f5/fast] Error 2


